#
# There is insufficient memory for the Java Runtime Environment to continue.
# Native memory allocation (mmap) failed to map 534773760 bytes for Failed to commit area from 0x0000000602000000 to 0x0000000621e00000 of length 534773760.
# Possible reasons:
#   The system is out of physical RAM or swap space
#   The process is running with CompressedOops enabled, and the Java Heap may be blocking the growth of the native heap
# Possible solutions:
#   Reduce memory load on the system
#   Increase physical memory or swap space
#   Check if swap backing store is full
#   Decrease Java heap size (-Xmx/-Xms)
#   Decrease number of Java threads
#   Decrease Java thread stack sizes (-Xss)
#   Set larger code cache with -XX:ReservedCodeCacheSize=
# This output file may be truncated or incomplete.
#
#  Out of Memory Error (./src/hotspot/os/windows/os_windows.cpp:3521), pid=21328, tid=12808
#
# JRE version:  (11.0.12+7) (build )
# Java VM: OpenJDK 64-Bit Server VM (11.0.12+7-b1504.28, mixed mode, sharing, tiered, compressed oops, g1 gc, windows-amd64)
# No core dump will be written. Minidumps are not enabled by default on client versions of Windows
#

---------------  S U M M A R Y ------------

Command Line: git4idea.http.GitAskPassApp Username for 'https://github.com': 

Host: Intel(R) Core(TM) i9-10850K CPU @ 3.60GHz, 20 cores, 31G,  Windows 10 , 64 bit Build 22000 (10.0.22000.434)
Time: Thu Apr  7 17:20:18 2022 India Standard Time elapsed time: 0.010128 seconds (0d 0h 0m 0s)

---------------  T H R E A D  ---------------

Current thread (0x000002aab34e3800):  JavaThread "Unknown thread" [_thread_in_vm, id=12808, stack(0x000000c7ec400000,0x000000c7ec500000)]

Stack: [0x000000c7ec400000,0x000000c7ec500000]
Native frames: (J=compiled Java code, j=interpreted, Vv=VM code, C=native code)
V  [jvm.dll+0x5ff40a]
V  [jvm.dll+0x783b65]
V  [jvm.dll+0x78517d]
V  [jvm.dll+0x785833]
V  [jvm.dll+0x249408]
V  [jvm.dll+0x5fc7f4]
V  [jvm.dll+0x5f13c5]
V  [jvm.dll+0x3076bb]
V  [jvm.dll+0x30762a]
V  [jvm.dll+0x307502]
V  [jvm.dll+0x30c466]
V  [jvm.dll+0x355543]
V  [jvm.dll+0x355c46]
V  [jvm.dll+0x355643]
V  [jvm.dll+0x2e2018]
V  [jvm.dll+0x2e31c7]
V  [jvm.dll+0x761f57]
V  [jvm.dll+0x76374c]
V  [jvm.dll+0x362ab9]
V  [jvm.dll+0x7455be]
V  [jvm.dll+0x3cb673]
V  [jvm.dll+0x3cda21]
C  [jli.dll+0x536b]
C  [ucrtbase.dll+0x26c0c]
C  [KERNEL32.DLL+0x154e0]
C  [ntdll.dll+0x485b]


---------------  P R O C E S S  ---------------

Threads class SMR info:
_java_thread_list=0x000002aab11b2380, length=0, elements={
}

Java Threads: ( => current thread )

Other Threads:
  0x000002aab128e000 GCTaskThread "GC Thread#0" [stack: 0x000000c7ec500000,0x000000c7ec600000] [id=11636]
  0x000002aab3578800 ConcurrentGCThread "G1 Main Marker" [stack: 0x000000c7ec600000,0x000000c7ec700000] [id=16932]
  0x000002aab357a000 ConcurrentGCThread "G1 Conc#0" [stack: 0x000000c7ec700000,0x000000c7ec800000] [id=48412]

[error occurred during error reporting (printing all threads), id 0xc0000005, EXCEPTION_ACCESS_VIOLATION (0xc0000005) at pc=0x00007ffaf55b27a7]

VM state:not at safepoint (not fully initialized)

VM Mutex/Monitor currently owned by a thread:  ([mutex/lock_event])
[0x000002aab34debc0] Heap_lock - owner thread: 0x000002aab34e3800

Heap address: 0x0000000602000000, size: 8160 MB, Compressed Oops mode: Non-zero based: 0x0000000602000000
Narrow klass base: 0x0000000000000000, Narrow klass shift: 0

GC Heap History (0 events):
No events

Deoptimization events (0 events):
No events

Classes redefined (0 events):
No events

Internal exceptions (0 events):
No events

Events (1 events):
Event: 0.006 Loaded shared library C:\Program Files\JetBrains\WebStorm 2021.2.2\jbr\bin\zip.dll


Dynamic libraries:
0x00007ff6b4810000 - 0x00007ff6b481a000 	C:\Program Files\JetBrains\WebStorm 2021.2.2\jbr\bin\java.exe
0x00007ffb4ed40000 - 0x00007ffb4ef49000 	C:\WINDOWS\SYSTEM32\ntdll.dll
0x00007ffb4dc40000 - 0x00007ffb4dcfd000 	C:\WINDOWS\System32\KERNEL32.DLL
0x00007ffb4c710000 - 0x00007ffb4ca84000 	C:\WINDOWS\System32\KERNELBASE.dll
0x00007ffb4ca90000 - 0x00007ffb4cba1000 	C:\WINDOWS\System32\ucrtbase.dll
0x00007ffb1d160000 - 0x00007ffb1d179000 	C:\Program Files\JetBrains\WebStorm 2021.2.2\jbr\bin\jli.dll
0x00007ffb4da20000 - 0x00007ffb4dbcc000 	C:\WINDOWS\System32\USER32.dll
0x00007ffb4cbb0000 - 0x00007ffb4cbd6000 	C:\WINDOWS\System32\win32u.dll
0x00007ffb4df90000 - 0x00007ffb4dfb9000 	C:\WINDOWS\System32\GDI32.dll
0x00007ffb4c5f0000 - 0x00007ffb4c702000 	C:\WINDOWS\System32\gdi32full.dll
0x00007ffb4c2f0000 - 0x00007ffb4c38d000 	C:\WINDOWS\System32\msvcp_win.dll
0x00007ffb1ea10000 - 0x00007ffb1ea27000 	C:\Program Files\JetBrains\WebStorm 2021.2.2\jbr\bin\VCRUNTIME140.dll
0x00007ffb396d0000 - 0x00007ffb39975000 	C:\WINDOWS\WinSxS\amd64_microsoft.windows.common-controls_6595b64144ccf1df_6.0.22000.120_none_9d947278b86cc467\COMCTL32.dll
0x00007ffb4cc60000 - 0x00007ffb4cd03000 	C:\WINDOWS\System32\msvcrt.dll
0x00007ffb4eaf0000 - 0x00007ffb4eb21000 	C:\WINDOWS\System32\IMM32.DLL
0x00007ffb0c2c0000 - 0x00007ffb0c35d000 	C:\Program Files\JetBrains\WebStorm 2021.2.2\jbr\bin\msvcp140.dll
0x00007ffaf52c0000 - 0x00007ffaf5e18000 	C:\Program Files\JetBrains\WebStorm 2021.2.2\jbr\bin\server\jvm.dll
0x00007ffb4d970000 - 0x00007ffb4da1e000 	C:\WINDOWS\System32\ADVAPI32.dll
0x00007ffb4d0b0000 - 0x00007ffb4d14e000 	C:\WINDOWS\System32\sechost.dll
0x00007ffb4d760000 - 0x00007ffb4d880000 	C:\WINDOWS\System32\RPCRT4.dll
0x00007ffb4d0a0000 - 0x00007ffb4d0a8000 	C:\WINDOWS\System32\PSAPI.DLL
0x00007ffb466c0000 - 0x00007ffb466f3000 	C:\WINDOWS\SYSTEM32\WINMM.dll
0x00007ffb450c0000 - 0x00007ffb450ca000 	C:\WINDOWS\SYSTEM32\VERSION.dll
0x00007ffb31380000 - 0x00007ffb31389000 	C:\WINDOWS\SYSTEM32\WSOCK32.dll
0x00007ffb4dbd0000 - 0x00007ffb4dc3f000 	C:\WINDOWS\System32\WS2_32.dll
0x00007ffb4b3e0000 - 0x00007ffb4b3f8000 	C:\WINDOWS\SYSTEM32\kernel.appcore.dll
0x00007ffb48c30000 - 0x00007ffb48c41000 	C:\Program Files\JetBrains\WebStorm 2021.2.2\jbr\bin\verify.dll
0x00007ffb32630000 - 0x00007ffb32851000 	C:\WINDOWS\SYSTEM32\DBGHELP.DLL
0x00007ffb32200000 - 0x00007ffb32231000 	C:\WINDOWS\SYSTEM32\dbgcore.DLL
0x00007ffb4c570000 - 0x00007ffb4c5ef000 	C:\WINDOWS\System32\bcryptPrimitives.dll
0x00007ffb472d0000 - 0x00007ffb472f9000 	C:\Program Files\JetBrains\WebStorm 2021.2.2\jbr\bin\java.dll
0x00007ffb496b0000 - 0x00007ffb496bb000 	C:\Program Files\JetBrains\WebStorm 2021.2.2\jbr\bin\jimage.dll
0x00007ffb472b0000 - 0x00007ffb472c8000 	C:\Program Files\JetBrains\WebStorm 2021.2.2\jbr\bin\zip.dll

dbghelp: loaded successfully - version: 4.0.5 - missing functions: none
symbol engine: initialized successfully - sym options: 0x614 - pdb path: .;C:\Program Files\JetBrains\WebStorm 2021.2.2\jbr\bin;C:\WINDOWS\SYSTEM32;C:\WINDOWS\WinSxS\amd64_microsoft.windows.common-controls_6595b64144ccf1df_6.0.22000.120_none_9d947278b86cc467;C:\Program Files\JetBrains\WebStorm 2021.2.2\jbr\bin\server

VM Arguments:
java_command: git4idea.http.GitAskPassApp Username for 'https://github.com': 
java_class_path (initial): C:/Program Files/JetBrains/WebStorm 2021.2.2/plugins/git4idea/lib/git4idea-rt.jar;C:/Program Files/JetBrains/WebStorm 2021.2.2/lib/3rd-party.jar
Launcher Type: SUN_STANDARD

[Global flags]
     intx CICompilerCount                          = 12                                        {product} {ergonomic}
     uint ConcGCThreads                            = 4                                         {product} {ergonomic}
     uint G1ConcRefinementThreads                  = 15                                        {product} {ergonomic}
   size_t G1HeapRegionSize                         = 2097152                                   {product} {ergonomic}
    uintx GCDrainStackTargetSize                   = 64                                        {product} {ergonomic}
   size_t InitialHeapSize                          = 534773760                                 {product} {ergonomic}
   size_t MarkStackSize                            = 4194304                                   {product} {ergonomic}
   size_t MaxHeapSize                              = 8556380160                                {product} {ergonomic}
   size_t MinHeapDeltaBytes                        = 2097152                                   {product} {ergonomic}
    uintx NonNMethodCodeHeapSize                   = 7594288                                {pd product} {ergonomic}
    uintx NonProfiledCodeHeapSize                  = 122031976                              {pd product} {ergonomic}
    uintx ProfiledCodeHeapSize                     = 122031976                              {pd product} {ergonomic}
    uintx ReservedCodeCacheSize                    = 251658240                              {pd product} {ergonomic}
     bool SegmentedCodeCache                       = true                                      {product} {ergonomic}
     bool UseCompressedClassPointers               = true                                 {lp64_product} {ergonomic}
     bool UseCompressedOops                        = true                                 {lp64_product} {ergonomic}
     bool UseG1GC                                  = true                                      {product} {ergonomic}
     bool UseLargePagesIndividualAllocation        = false                                  {pd product} {ergonomic}

Logging:
Log output configuration:
 #0: stdout all=warning uptime,level,tags
 #1: stderr all=off uptime,level,tags

Environment Variables:
JAVA_HOME=C:\Program Files\Android\Android Studio\jre
PATH=C:/Program Files/Git/mingw64/libexec/git-core;C:/Program Files/Git/mingw64/libexec/git-core;C:\Program Files\Git\mingw64\bin;C:\Program Files\Git\usr\bin;C:\Users\USER\bin;C:\Program Files\Common Files\Oracle\Java\javapath;C:\Program Files (x86)\Common Files\Oracle\Java\javapath;C:\WINDOWS\system32;C:\WINDOWS;C:\WINDOWS\System32\Wbem;C:\WINDOWS\System32\WindowsPowerShell\v1.0\;C:\WINDOWS\System32\OpenSSH\;C:\Program Files\Git\cmd;C:\Program Files\nodejs\;C:\Program Files\Microsoft\Web Platform Installer\;C:\Program Files\Docker\Docker\resources\bin;C:\ProgramData\DockerDesktop\version-bin;C:\Program Files\Amazon\AWSCLI\bin\;C:\Users\USER\AppData\Local\Microsoft\WindowsApps;C:\Users\USER\AppData\Roaming\npm;C:\Users\USER\AppData\Local\Programs\Microsoft VS Code\bin;C:\Users\USER\AppData\Local\Programs\Python\Python39\python.exe;C:\Users\USER\Documents\flutter_windows_2.8.1-stable\flutter\bin;C:\Program Files\Android\Android Studio\jre;C:\Program Files\heroku\bin
USERNAME=USER
DISPLAY=:0.0
LC_ALL=en_US.UTF-8
OS=Windows_NT
PROCESSOR_IDENTIFIER=Intel64 Family 6 Model 165 Stepping 5, GenuineIntel



---------------  S Y S T E M  ---------------

OS: Windows 10 , 64 bit Build 22000 (10.0.22000.434)
OS uptime: 27 days 10:29 hours
Hyper-V role detected

CPU:total 20 (initial active 20) (10 cores per cpu, 2 threads per core) family 6 model 165 stepping 5 microcode 0xec, cmov, cx8, fxsr, mmx, sse, sse2, sse3, ssse3, sse4.1, sse4.2, popcnt, avx, avx2, aes, clmul, erms, 3dnowpref, lzcnt, ht, tsc, tscinvbit, bmi1, bmi2, adx, fma

Memory: 4k page, system-wide physical 32636M (4544M free)
TotalPageFile size 62368M (AvailPageFile size 1535M)
current process WorkingSet (physical memory assigned to process): 10M, peak: 10M
current process commit charge ("private bytes"): 76M, peak: 585M

vm_info: OpenJDK 64-Bit Server VM (11.0.12+7-b1504.28) for windows-amd64 JRE (11.0.12+7-b1504.28), built on Sep  3 2021 08:39:15 by "" with MS VC++ 14.0 (VS2015)

END.
